Feb 20 01:01:09 srid-target useradd[13]: new group: name=srid_user1, GID=1001
Feb 20 01:01:09 srid-target useradd[13]: new user: name=srid_user1, UID=1001, GID=1001, home=/home/srid_user1, shell=/bin/sh, from=none
Feb 20 01:01:10 srid-target useradd[27]: new group: name=srid_user2, GID=1002
Feb 20 01:01:10 srid-target useradd[27]: new user: name=srid_user2, UID=1002, GID=1002, home=/home/srid_user2, shell=/bin/sh, from=none
Feb 20 01:01:10 srid-target useradd[40]: new group: name=srid_user3, GID=1003
Feb 20 01:01:10 srid-target useradd[40]: new user: name=srid_user3, UID=1003, GID=1003, home=/home/srid_user3, shell=/bin/sh, from=none
Feb 20 01:01:10 srid-target useradd[53]: new group: name=srid_user4, GID=1004
Feb 20 01:01:10 srid-target useradd[53]: new user: name=srid_user4, UID=1004, GID=1004, home=/home/srid_user4, shell=/bin/sh, from=none
Feb 20 01:01:10 srid-target useradd[66]: new group: name=srid_user5, GID=1005
Feb 20 01:01:10 srid-target useradd[66]: new user: name=srid_user5, UID=1005, GID=1005, home=/home/srid_user5, shell=/bin/sh, from=none
Feb 20 01:01:10 srid-target useradd[79]: new group: name=srid_user6, GID=1006
Feb 20 01:01:10 srid-target useradd[79]: new user: name=srid_user6, UID=1006, GID=1006, home=/home/srid_user6, shell=/bin/sh, from=none
Feb 20 01:01:10 srid-target useradd[92]: new group: name=srid_user7, GID=1007
Feb 20 01:01:10 srid-target useradd[92]: new user: name=srid_user7, UID=1007, GID=1007, home=/home/srid_user7, shell=/bin/sh, from=none
Feb 20 01:01:10 srid-target useradd[105]: new group: name=srid_user8, GID=1008
Feb 20 01:01:10 srid-target useradd[105]: new user: name=srid_user8, UID=1008, GID=1008, home=/home/srid_user8, shell=/bin/sh, from=none
Feb 20 01:01:10 srid-target useradd[118]: new group: name=srid_user9, GID=1009
Feb 20 01:01:10 srid-target useradd[118]: new user: name=srid_user9, UID=1009, GID=1009, home=/home/srid_user9, shell=/bin/sh, from=none
Feb 20 01:01:10 srid-target useradd[131]: new group: name=srid_user10, GID=1010
Feb 20 01:01:10 srid-target useradd[131]: new user: name=srid_user10, UID=1010, GID=1010, home=/home/srid_user10, shell=/bin/sh, from=none
Feb 20 01:01:10 srid-target useradd[144]: new group: name=srid_user11, GID=1011
Feb 20 01:01:10 srid-target useradd[144]: new user: name=srid_user11, UID=1011, GID=1011, home=/home/srid_user11, shell=/bin/sh, from=none
Feb 20 01:01:10 srid-target useradd[157]: new group: name=srid_user12, GID=1012
Feb 20 01:01:10 srid-target useradd[157]: new user: name=srid_user12, UID=1012, GID=1012, home=/home/srid_user12, shell=/bin/sh, from=none
Feb 20 01:01:10 srid-target useradd[170]: new group: name=srid_user13, GID=1013
Feb 20 01:01:10 srid-target useradd[170]: new user: name=srid_user13, UID=1013, GID=1013, home=/home/srid_user13, shell=/bin/sh, from=none
Feb 20 01:01:10 srid-target useradd[183]: new group: name=srid_user14, GID=1014
Feb 20 01:01:10 srid-target useradd[183]: new user: name=srid_user14, UID=1014, GID=1014, home=/home/srid_user14, shell=/bin/sh, from=none
Feb 20 01:01:10 srid-target useradd[196]: new group: name=srid_user15, GID=1015
Feb 20 01:01:10 srid-target useradd[196]: new user: name=srid_user15, UID=1015, GID=1015, home=/home/srid_user15, shell=/bin/sh, from=none
Feb 20 01:01:10 srid-target useradd[209]: new group: name=srid_user16, GID=1016
Feb 20 01:01:10 srid-target useradd[209]: new user: name=srid_user16, UID=1016, GID=1016, home=/home/srid_user16, shell=/bin/sh, from=none
Feb 20 01:01:10 srid-target useradd[222]: new group: name=srid_user17, GID=1017
Feb 20 01:01:10 srid-target useradd[222]: new user: name=srid_user17, UID=1017, GID=1017, home=/home/srid_user17, shell=/bin/sh, from=none
Feb 20 01:01:10 srid-target useradd[235]: new group: name=srid_user18, GID=1018
Feb 20 01:01:10 srid-target useradd[235]: new user: name=srid_user18, UID=1018, GID=1018, home=/home/srid_user18, shell=/bin/sh, from=none
Feb 20 01:01:10 srid-target useradd[248]: new group: name=srid_user19, GID=1019
Feb 20 01:01:10 srid-target useradd[248]: new user: name=srid_user19, UID=1019, GID=1019, home=/home/srid_user19, shell=/bin/sh, from=none
Feb 20 01:01:10 srid-target useradd[261]: new group: name=srid_user20, GID=1020
Feb 20 01:01:10 srid-target useradd[261]: new user: name=srid_user20, UID=1020, GID=1020, home=/home/srid_user20, shell=/bin/sh, from=none
Feb 20 01:12:45 srid-target useradd[16]: new group: name=srid_user1, GID=1001
Feb 20 01:12:45 srid-target useradd[16]: new user: name=srid_user1, UID=1001, GID=1001, home=/home/srid_user1, shell=/bin/sh, from=none
Feb 20 01:12:46 srid-target useradd[33]: new group: name=srid_user2, GID=1002
Feb 20 01:12:46 srid-target useradd[33]: new user: name=srid_user2, UID=1002, GID=1002, home=/home/srid_user2, shell=/bin/sh, from=none
Feb 20 01:12:46 srid-target useradd[49]: new group: name=srid_user3, GID=1003
Feb 20 01:12:46 srid-target useradd[49]: new user: name=srid_user3, UID=1003, GID=1003, home=/home/srid_user3, shell=/bin/sh, from=none
Feb 20 01:12:46 srid-target useradd[65]: new group: name=srid_user4, GID=1004
Feb 20 01:12:46 srid-target useradd[65]: new user: name=srid_user4, UID=1004, GID=1004, home=/home/srid_user4, shell=/bin/sh, from=none
Feb 20 01:12:46 srid-target useradd[81]: new group: name=srid_user5, GID=1005
Feb 20 01:12:46 srid-target useradd[81]: new user: name=srid_user5, UID=1005, GID=1005, home=/home/srid_user5, shell=/bin/sh, from=none
Feb 20 01:12:46 srid-target useradd[97]: new group: name=srid_user6, GID=1006
Feb 20 01:12:46 srid-target useradd[97]: new user: name=srid_user6, UID=1006, GID=1006, home=/home/srid_user6, shell=/bin/sh, from=none
Feb 20 01:12:46 srid-target useradd[113]: new group: name=srid_user7, GID=1007
Feb 20 01:12:46 srid-target useradd[113]: new user: name=srid_user7, UID=1007, GID=1007, home=/home/srid_user7, shell=/bin/sh, from=none
Feb 20 01:12:46 srid-target useradd[129]: new group: name=srid_user8, GID=1008
Feb 20 01:12:46 srid-target useradd[129]: new user: name=srid_user8, UID=1008, GID=1008, home=/home/srid_user8, shell=/bin/sh, from=none
Feb 20 01:12:46 srid-target useradd[145]: new group: name=srid_user9, GID=1009
Feb 20 01:12:46 srid-target useradd[145]: new user: name=srid_user9, UID=1009, GID=1009, home=/home/srid_user9, shell=/bin/sh, from=none
Feb 20 01:12:46 srid-target useradd[161]: new group: name=srid_user10, GID=1010
Feb 20 01:12:46 srid-target useradd[161]: new user: name=srid_user10, UID=1010, GID=1010, home=/home/srid_user10, shell=/bin/sh, from=none
Feb 20 01:12:46 srid-target useradd[177]: new group: name=srid_user11, GID=1011
Feb 20 01:12:46 srid-target useradd[177]: new user: name=srid_user11, UID=1011, GID=1011, home=/home/srid_user11, shell=/bin/sh, from=none
Feb 20 01:12:46 srid-target useradd[193]: new group: name=srid_user12, GID=1012
Feb 20 01:12:46 srid-target useradd[193]: new user: name=srid_user12, UID=1012, GID=1012, home=/home/srid_user12, shell=/bin/sh, from=none
Feb 20 01:12:46 srid-target useradd[209]: new group: name=srid_user13, GID=1013
Feb 20 01:12:46 srid-target useradd[209]: new user: name=srid_user13, UID=1013, GID=1013, home=/home/srid_user13, shell=/bin/sh, from=none
Feb 20 01:12:46 srid-target useradd[225]: new group: name=srid_user14, GID=1014
Feb 20 01:12:46 srid-target useradd[225]: new user: name=srid_user14, UID=1014, GID=1014, home=/home/srid_user14, shell=/bin/sh, from=none
Feb 20 01:12:46 srid-target useradd[241]: new group: name=srid_user15, GID=1015
Feb 20 01:12:46 srid-target useradd[241]: new user: name=srid_user15, UID=1015, GID=1015, home=/home/srid_user15, shell=/bin/sh, from=none
Feb 20 01:12:46 srid-target useradd[257]: new group: name=srid_user16, GID=1016
Feb 20 01:12:46 srid-target useradd[257]: new user: name=srid_user16, UID=1016, GID=1016, home=/home/srid_user16, shell=/bin/sh, from=none
Feb 20 01:12:46 srid-target useradd[273]: new group: name=srid_user17, GID=1017
Feb 20 01:12:46 srid-target useradd[273]: new user: name=srid_user17, UID=1017, GID=1017, home=/home/srid_user17, shell=/bin/sh, from=none
Feb 20 01:12:46 srid-target useradd[289]: new group: name=srid_user18, GID=1018
Feb 20 01:12:46 srid-target useradd[289]: new user: name=srid_user18, UID=1018, GID=1018, home=/home/srid_user18, shell=/bin/sh, from=none
Feb 20 01:12:46 srid-target useradd[305]: new group: name=srid_user19, GID=1019
Feb 20 01:12:46 srid-target useradd[305]: new user: name=srid_user19, UID=1019, GID=1019, home=/home/srid_user19, shell=/bin/sh, from=none
Feb 20 01:12:46 srid-target useradd[321]: new group: name=srid_user20, GID=1020
Feb 20 01:12:46 srid-target useradd[321]: new user: name=srid_user20, UID=1020, GID=1020, home=/home/srid_user20, shell=/bin/sh, from=none
Feb 20 01:15:36 srid-target useradd[13]: new group: name=srid_user1, GID=1001
Feb 20 01:15:36 srid-target useradd[13]: new user: name=srid_user1, UID=1001, GID=1001, home=/home/srid_user1, shell=/bin/sh, from=none
Feb 20 01:15:36 srid-target useradd[27]: new group: name=srid_user2, GID=1002
Feb 20 01:15:36 srid-target useradd[27]: new user: name=srid_user2, UID=1002, GID=1002, home=/home/srid_user2, shell=/bin/sh, from=none
Feb 20 01:15:36 srid-target useradd[40]: new group: name=srid_user3, GID=1003
Feb 20 01:15:36 srid-target useradd[40]: new user: name=srid_user3, UID=1003, GID=1003, home=/home/srid_user3, shell=/bin/sh, from=none
Feb 20 01:15:36 srid-target useradd[53]: new group: name=srid_user4, GID=1004
Feb 20 01:15:36 srid-target useradd[53]: new user: name=srid_user4, UID=1004, GID=1004, home=/home/srid_user4, shell=/bin/sh, from=none
Feb 20 01:15:36 srid-target useradd[66]: new group: name=srid_user5, GID=1005
Feb 20 01:15:36 srid-target useradd[66]: new user: name=srid_user5, UID=1005, GID=1005, home=/home/srid_user5, shell=/bin/sh, from=none
Feb 20 01:15:36 srid-target useradd[79]: new group: name=srid_user6, GID=1006
Feb 20 01:15:36 srid-target useradd[79]: new user: name=srid_user6, UID=1006, GID=1006, home=/home/srid_user6, shell=/bin/sh, from=none
Feb 20 01:15:36 srid-target useradd[92]: new group: name=srid_user7, GID=1007
Feb 20 01:15:36 srid-target useradd[92]: new user: name=srid_user7, UID=1007, GID=1007, home=/home/srid_user7, shell=/bin/sh, from=none
Feb 20 01:15:36 srid-target useradd[105]: new group: name=srid_user8, GID=1008
Feb 20 01:15:36 srid-target useradd[105]: new user: name=srid_user8, UID=1008, GID=1008, home=/home/srid_user8, shell=/bin/sh, from=none
Feb 20 01:15:36 srid-target useradd[118]: new group: name=srid_user9, GID=1009
Feb 20 01:15:36 srid-target useradd[118]: new user: name=srid_user9, UID=1009, GID=1009, home=/home/srid_user9, shell=/bin/sh, from=none
Feb 20 01:15:37 srid-target useradd[131]: new group: name=srid_user10, GID=1010
Feb 20 01:15:37 srid-target useradd[131]: new user: name=srid_user10, UID=1010, GID=1010, home=/home/srid_user10, shell=/bin/sh, from=none
Feb 20 01:15:37 srid-target useradd[144]: new group: name=srid_user11, GID=1011
Feb 20 01:15:37 srid-target useradd[144]: new user: name=srid_user11, UID=1011, GID=1011, home=/home/srid_user11, shell=/bin/sh, from=none
Feb 20 01:15:37 srid-target useradd[157]: new group: name=srid_user12, GID=1012
Feb 20 01:15:37 srid-target useradd[157]: new user: name=srid_user12, UID=1012, GID=1012, home=/home/srid_user12, shell=/bin/sh, from=none
Feb 20 01:15:37 srid-target useradd[170]: new group: name=srid_user13, GID=1013
Feb 20 01:15:37 srid-target useradd[170]: new user: name=srid_user13, UID=1013, GID=1013, home=/home/srid_user13, shell=/bin/sh, from=none
Feb 20 01:15:37 srid-target useradd[183]: new group: name=srid_user14, GID=1014
Feb 20 01:15:37 srid-target useradd[183]: new user: name=srid_user14, UID=1014, GID=1014, home=/home/srid_user14, shell=/bin/sh, from=none
Feb 20 01:15:37 srid-target useradd[196]: new group: name=srid_user15, GID=1015
Feb 20 01:15:37 srid-target useradd[196]: new user: name=srid_user15, UID=1015, GID=1015, home=/home/srid_user15, shell=/bin/sh, from=none
Feb 20 01:15:37 srid-target useradd[209]: new group: name=srid_user16, GID=1016
Feb 20 01:15:37 srid-target useradd[209]: new user: name=srid_user16, UID=1016, GID=1016, home=/home/srid_user16, shell=/bin/sh, from=none
Feb 20 01:15:37 srid-target useradd[222]: new group: name=srid_user17, GID=1017
Feb 20 01:15:37 srid-target useradd[222]: new user: name=srid_user17, UID=1017, GID=1017, home=/home/srid_user17, shell=/bin/sh, from=none
Feb 20 01:15:37 srid-target useradd[235]: new group: name=srid_user18, GID=1018
Feb 20 01:15:37 srid-target useradd[235]: new user: name=srid_user18, UID=1018, GID=1018, home=/home/srid_user18, shell=/bin/sh, from=none
Feb 20 01:15:37 srid-target useradd[248]: new group: name=srid_user19, GID=1019
Feb 20 01:15:37 srid-target useradd[248]: new user: name=srid_user19, UID=1019, GID=1019, home=/home/srid_user19, shell=/bin/sh, from=none
Feb 20 01:15:37 srid-target useradd[261]: new group: name=srid_user20, GID=1020
Feb 20 01:15:37 srid-target useradd[261]: new user: name=srid_user20, UID=1020, GID=1020, home=/home/srid_user20, shell=/bin/sh, from=none
Feb 20 01:15:37 srid-target useradd[274]: new group: name=srid_ok, GID=1021
Feb 20 01:15:37 srid-target useradd[274]: new user: name=srid_ok, UID=1021, GID=1021, home=/home/srid_ok, shell=/bin/sh, from=none
Feb 20 01:27:16 srid-target useradd[13]: new group: name=srid_user1, GID=1001
Feb 20 01:27:16 srid-target useradd[13]: new user: name=srid_user1, UID=1001, GID=1001, home=/home/srid_user1, shell=/bin/sh, from=none
Feb 20 01:27:16 srid-target useradd[27]: new group: name=srid_user2, GID=1002
Feb 20 01:27:16 srid-target useradd[27]: new user: name=srid_user2, UID=1002, GID=1002, home=/home/srid_user2, shell=/bin/sh, from=none
Feb 20 01:27:16 srid-target useradd[40]: new group: name=srid_user3, GID=1003
Feb 20 01:27:16 srid-target useradd[40]: new user: name=srid_user3, UID=1003, GID=1003, home=/home/srid_user3, shell=/bin/sh, from=none
Feb 20 01:27:16 srid-target useradd[53]: new group: name=srid_user4, GID=1004
Feb 20 01:27:16 srid-target useradd[53]: new user: name=srid_user4, UID=1004, GID=1004, home=/home/srid_user4, shell=/bin/sh, from=none
Feb 20 01:27:16 srid-target useradd[66]: new group: name=srid_user5, GID=1005
Feb 20 01:27:16 srid-target useradd[66]: new user: name=srid_user5, UID=1005, GID=1005, home=/home/srid_user5, shell=/bin/sh, from=none
Feb 20 01:27:16 srid-target useradd[79]: new group: name=srid_user6, GID=1006
Feb 20 01:27:16 srid-target useradd[79]: new user: name=srid_user6, UID=1006, GID=1006, home=/home/srid_user6, shell=/bin/sh, from=none
Feb 20 01:27:16 srid-target useradd[92]: new group: name=srid_user7, GID=1007
Feb 20 01:27:16 srid-target useradd[92]: new user: name=srid_user7, UID=1007, GID=1007, home=/home/srid_user7, shell=/bin/sh, from=none
Feb 20 01:27:16 srid-target useradd[105]: new group: name=srid_user8, GID=1008
Feb 20 01:27:16 srid-target useradd[105]: new user: name=srid_user8, UID=1008, GID=1008, home=/home/srid_user8, shell=/bin/sh, from=none
Feb 20 01:27:16 srid-target useradd[118]: new group: name=srid_user9, GID=1009
Feb 20 01:27:16 srid-target useradd[118]: new user: name=srid_user9, UID=1009, GID=1009, home=/home/srid_user9, shell=/bin/sh, from=none
Feb 20 01:27:16 srid-target useradd[131]: new group: name=srid_user10, GID=1010
Feb 20 01:27:16 srid-target useradd[131]: new user: name=srid_user10, UID=1010, GID=1010, home=/home/srid_user10, shell=/bin/sh, from=none
Feb 20 01:27:16 srid-target useradd[144]: new group: name=srid_user11, GID=1011
Feb 20 01:27:16 srid-target useradd[144]: new user: name=srid_user11, UID=1011, GID=1011, home=/home/srid_user11, shell=/bin/sh, from=none
Feb 20 01:27:16 srid-target useradd[157]: new group: name=srid_user12, GID=1012
Feb 20 01:27:16 srid-target useradd[157]: new user: name=srid_user12, UID=1012, GID=1012, home=/home/srid_user12, shell=/bin/sh, from=none
Feb 20 01:27:16 srid-target useradd[170]: new group: name=srid_user13, GID=1013
Feb 20 01:27:16 srid-target useradd[170]: new user: name=srid_user13, UID=1013, GID=1013, home=/home/srid_user13, shell=/bin/sh, from=none
Feb 20 01:27:16 srid-target useradd[183]: new group: name=srid_user14, GID=1014
Feb 20 01:27:16 srid-target useradd[183]: new user: name=srid_user14, UID=1014, GID=1014, home=/home/srid_user14, shell=/bin/sh, from=none
Feb 20 01:27:16 srid-target useradd[196]: new group: name=srid_user15, GID=1015
Feb 20 01:27:16 srid-target useradd[196]: new user: name=srid_user15, UID=1015, GID=1015, home=/home/srid_user15, shell=/bin/sh, from=none
Feb 20 01:27:16 srid-target useradd[209]: new group: name=srid_user16, GID=1016
Feb 20 01:27:16 srid-target useradd[209]: new user: name=srid_user16, UID=1016, GID=1016, home=/home/srid_user16, shell=/bin/sh, from=none
Feb 20 01:27:16 srid-target useradd[222]: new group: name=srid_user17, GID=1017
Feb 20 01:27:16 srid-target useradd[222]: new user: name=srid_user17, UID=1017, GID=1017, home=/home/srid_user17, shell=/bin/sh, from=none
Feb 20 01:27:16 srid-target useradd[235]: new group: name=srid_user18, GID=1018
Feb 20 01:27:16 srid-target useradd[235]: new user: name=srid_user18, UID=1018, GID=1018, home=/home/srid_user18, shell=/bin/sh, from=none
Feb 20 01:27:16 srid-target useradd[248]: new group: name=srid_user19, GID=1019
Feb 20 01:27:16 srid-target useradd[248]: new user: name=srid_user19, UID=1019, GID=1019, home=/home/srid_user19, shell=/bin/sh, from=none
Feb 20 01:27:16 srid-target useradd[261]: new group: name=srid_user20, GID=1020
Feb 20 01:27:16 srid-target useradd[261]: new user: name=srid_user20, UID=1020, GID=1020, home=/home/srid_user20, shell=/bin/sh, from=none
Feb 20 01:27:16 srid-target useradd[274]: new group: name=srid_ok, GID=1021
Feb 20 01:27:16 srid-target useradd[274]: new user: name=srid_ok, UID=1021, GID=1021, home=/home/srid_ok, shell=/bin/sh, from=none
Feb 20 01:29:51 srid-target useradd[12]: new group: name=srid_user1, GID=1001
Feb 20 01:29:51 srid-target useradd[12]: new user: name=srid_user1, UID=1001, GID=1001, home=/home/srid_user1, shell=/bin/sh, from=none
Feb 20 01:29:51 srid-target useradd[26]: new group: name=srid_user2, GID=1002
Feb 20 01:29:51 srid-target useradd[26]: new user: name=srid_user2, UID=1002, GID=1002, home=/home/srid_user2, shell=/bin/sh, from=none
Feb 20 01:29:51 srid-target useradd[39]: new group: name=srid_user3, GID=1003
Feb 20 01:29:51 srid-target useradd[39]: new user: name=srid_user3, UID=1003, GID=1003, home=/home/srid_user3, shell=/bin/sh, from=none
Feb 20 01:29:51 srid-target useradd[52]: new group: name=srid_user4, GID=1004
Feb 20 01:29:51 srid-target useradd[52]: new user: name=srid_user4, UID=1004, GID=1004, home=/home/srid_user4, shell=/bin/sh, from=none
Feb 20 01:29:51 srid-target useradd[65]: new group: name=srid_user5, GID=1005
Feb 20 01:29:51 srid-target useradd[65]: new user: name=srid_user5, UID=1005, GID=1005, home=/home/srid_user5, shell=/bin/sh, from=none
Feb 20 01:29:51 srid-target useradd[78]: new group: name=srid_user6, GID=1006
Feb 20 01:29:51 srid-target useradd[78]: new user: name=srid_user6, UID=1006, GID=1006, home=/home/srid_user6, shell=/bin/sh, from=none
Feb 20 01:29:51 srid-target useradd[91]: new group: name=srid_user7, GID=1007
Feb 20 01:29:51 srid-target useradd[91]: new user: name=srid_user7, UID=1007, GID=1007, home=/home/srid_user7, shell=/bin/sh, from=none
Feb 20 01:29:51 srid-target useradd[104]: new group: name=srid_user8, GID=1008
Feb 20 01:29:51 srid-target useradd[104]: new user: name=srid_user8, UID=1008, GID=1008, home=/home/srid_user8, shell=/bin/sh, from=none
Feb 20 01:29:51 srid-target useradd[117]: new group: name=srid_user9, GID=1009
Feb 20 01:29:51 srid-target useradd[117]: new user: name=srid_user9, UID=1009, GID=1009, home=/home/srid_user9, shell=/bin/sh, from=none
Feb 20 01:29:51 srid-target useradd[130]: new group: name=srid_user10, GID=1010
Feb 20 01:29:51 srid-target useradd[130]: new user: name=srid_user10, UID=1010, GID=1010, home=/home/srid_user10, shell=/bin/sh, from=none
Feb 20 01:29:52 srid-target useradd[143]: new group: name=srid_user11, GID=1011
Feb 20 01:29:52 srid-target useradd[143]: new user: name=srid_user11, UID=1011, GID=1011, home=/home/srid_user11, shell=/bin/sh, from=none
Feb 20 01:29:52 srid-target useradd[156]: new group: name=srid_user12, GID=1012
Feb 20 01:29:52 srid-target useradd[156]: new user: name=srid_user12, UID=1012, GID=1012, home=/home/srid_user12, shell=/bin/sh, from=none
Feb 20 01:29:52 srid-target useradd[169]: new group: name=srid_user13, GID=1013
Feb 20 01:29:52 srid-target useradd[169]: new user: name=srid_user13, UID=1013, GID=1013, home=/home/srid_user13, shell=/bin/sh, from=none
Feb 20 01:29:52 srid-target useradd[182]: new group: name=srid_user14, GID=1014
Feb 20 01:29:52 srid-target useradd[182]: new user: name=srid_user14, UID=1014, GID=1014, home=/home/srid_user14, shell=/bin/sh, from=none
Feb 20 01:29:52 srid-target useradd[195]: new group: name=srid_user15, GID=1015
Feb 20 01:29:52 srid-target useradd[195]: new user: name=srid_user15, UID=1015, GID=1015, home=/home/srid_user15, shell=/bin/sh, from=none
Feb 20 01:29:52 srid-target useradd[208]: new group: name=srid_user16, GID=1016
Feb 20 01:29:52 srid-target useradd[208]: new user: name=srid_user16, UID=1016, GID=1016, home=/home/srid_user16, shell=/bin/sh, from=none
Feb 20 01:29:52 srid-target useradd[221]: new group: name=srid_user17, GID=1017
Feb 20 01:29:52 srid-target useradd[221]: new user: name=srid_user17, UID=1017, GID=1017, home=/home/srid_user17, shell=/bin/sh, from=none
Feb 20 01:29:52 srid-target useradd[234]: new group: name=srid_user18, GID=1018
Feb 20 01:29:52 srid-target useradd[234]: new user: name=srid_user18, UID=1018, GID=1018, home=/home/srid_user18, shell=/bin/sh, from=none
Feb 20 01:29:52 srid-target useradd[247]: new group: name=srid_user19, GID=1019
Feb 20 01:29:52 srid-target useradd[247]: new user: name=srid_user19, UID=1019, GID=1019, home=/home/srid_user19, shell=/bin/sh, from=none
Feb 20 01:29:52 srid-target useradd[260]: new group: name=srid_user20, GID=1020
Feb 20 01:29:52 srid-target useradd[260]: new user: name=srid_user20, UID=1020, GID=1020, home=/home/srid_user20, shell=/bin/sh, from=none
Feb 20 01:29:52 srid-target useradd[273]: new group: name=srid_ok, GID=1021
Feb 20 01:29:52 srid-target useradd[273]: new user: name=srid_ok, UID=1021, GID=1021, home=/home/srid_ok, shell=/bin/sh, from=none
Feb 20 01:32:40 srid-target useradd[12]: new group: name=srid_user1, GID=1001
Feb 20 01:32:40 srid-target useradd[12]: new user: name=srid_user1, UID=1001, GID=1001, home=/home/srid_user1, shell=/bin/sh, from=none
Feb 20 01:32:40 srid-target useradd[26]: new group: name=srid_user2, GID=1002
Feb 20 01:32:40 srid-target useradd[26]: new user: name=srid_user2, UID=1002, GID=1002, home=/home/srid_user2, shell=/bin/sh, from=none
Feb 20 01:32:40 srid-target useradd[39]: new group: name=srid_user3, GID=1003
Feb 20 01:32:40 srid-target useradd[39]: new user: name=srid_user3, UID=1003, GID=1003, home=/home/srid_user3, shell=/bin/sh, from=none
Feb 20 01:32:40 srid-target useradd[52]: new group: name=srid_user4, GID=1004
Feb 20 01:32:40 srid-target useradd[52]: new user: name=srid_user4, UID=1004, GID=1004, home=/home/srid_user4, shell=/bin/sh, from=none
Feb 20 01:32:40 srid-target useradd[65]: new group: name=srid_user5, GID=1005
Feb 20 01:32:40 srid-target useradd[65]: new user: name=srid_user5, UID=1005, GID=1005, home=/home/srid_user5, shell=/bin/sh, from=none
Feb 20 01:32:40 srid-target useradd[78]: new group: name=srid_user6, GID=1006
Feb 20 01:32:40 srid-target useradd[78]: new user: name=srid_user6, UID=1006, GID=1006, home=/home/srid_user6, shell=/bin/sh, from=none
Feb 20 01:32:40 srid-target useradd[91]: new group: name=srid_user7, GID=1007
Feb 20 01:32:40 srid-target useradd[91]: new user: name=srid_user7, UID=1007, GID=1007, home=/home/srid_user7, shell=/bin/sh, from=none
Feb 20 01:32:40 srid-target useradd[104]: new group: name=srid_user8, GID=1008
Feb 20 01:32:40 srid-target useradd[104]: new user: name=srid_user8, UID=1008, GID=1008, home=/home/srid_user8, shell=/bin/sh, from=none
Feb 20 01:32:40 srid-target useradd[117]: new group: name=srid_user9, GID=1009
Feb 20 01:32:40 srid-target useradd[117]: new user: name=srid_user9, UID=1009, GID=1009, home=/home/srid_user9, shell=/bin/sh, from=none
Feb 20 01:32:40 srid-target useradd[130]: new group: name=srid_user10, GID=1010
Feb 20 01:32:40 srid-target useradd[130]: new user: name=srid_user10, UID=1010, GID=1010, home=/home/srid_user10, shell=/bin/sh, from=none
Feb 20 01:32:40 srid-target useradd[143]: new group: name=srid_user11, GID=1011
Feb 20 01:32:40 srid-target useradd[143]: new user: name=srid_user11, UID=1011, GID=1011, home=/home/srid_user11, shell=/bin/sh, from=none
Feb 20 01:32:40 srid-target useradd[156]: new group: name=srid_user12, GID=1012
Feb 20 01:32:40 srid-target useradd[156]: new user: name=srid_user12, UID=1012, GID=1012, home=/home/srid_user12, shell=/bin/sh, from=none
Feb 20 01:32:40 srid-target useradd[169]: new group: name=srid_user13, GID=1013
Feb 20 01:32:40 srid-target useradd[169]: new user: name=srid_user13, UID=1013, GID=1013, home=/home/srid_user13, shell=/bin/sh, from=none
Feb 20 01:32:40 srid-target useradd[182]: new group: name=srid_user14, GID=1014
Feb 20 01:32:40 srid-target useradd[182]: new user: name=srid_user14, UID=1014, GID=1014, home=/home/srid_user14, shell=/bin/sh, from=none
Feb 20 01:32:40 srid-target useradd[195]: new group: name=srid_user15, GID=1015
Feb 20 01:32:40 srid-target useradd[195]: new user: name=srid_user15, UID=1015, GID=1015, home=/home/srid_user15, shell=/bin/sh, from=none
Feb 20 01:32:40 srid-target useradd[208]: new group: name=srid_user16, GID=1016
Feb 20 01:32:40 srid-target useradd[208]: new user: name=srid_user16, UID=1016, GID=1016, home=/home/srid_user16, shell=/bin/sh, from=none
Feb 20 01:32:40 srid-target useradd[221]: new group: name=srid_user17, GID=1017
Feb 20 01:32:40 srid-target useradd[221]: new user: name=srid_user17, UID=1017, GID=1017, home=/home/srid_user17, shell=/bin/sh, from=none
Feb 20 01:32:40 srid-target useradd[234]: new group: name=srid_user18, GID=1018
Feb 20 01:32:40 srid-target useradd[234]: new user: name=srid_user18, UID=1018, GID=1018, home=/home/srid_user18, shell=/bin/sh, from=none
Feb 20 01:32:40 srid-target useradd[247]: new group: name=srid_user19, GID=1019
Feb 20 01:32:40 srid-target useradd[247]: new user: name=srid_user19, UID=1019, GID=1019, home=/home/srid_user19, shell=/bin/sh, from=none
Feb 20 01:32:40 srid-target useradd[260]: new group: name=srid_user20, GID=1020
Feb 20 01:32:40 srid-target useradd[260]: new user: name=srid_user20, UID=1020, GID=1020, home=/home/srid_user20, shell=/bin/sh, from=none
Feb 20 01:32:40 srid-target useradd[273]: new group: name=srid_ok, GID=1021
Feb 20 01:32:40 srid-target useradd[273]: new user: name=srid_ok, UID=1021, GID=1021, home=/home/srid_ok, shell=/bin/sh, from=none
Feb 20 01:33:13 srid-target useradd[13]: new group: name=srid_user1, GID=1001
Feb 20 01:33:13 srid-target useradd[13]: new user: name=srid_user1, UID=1001, GID=1001, home=/home/srid_user1, shell=/bin/sh, from=none
Feb 20 01:33:13 srid-target useradd[27]: new group: name=srid_user2, GID=1002
Feb 20 01:33:13 srid-target useradd[27]: new user: name=srid_user2, UID=1002, GID=1002, home=/home/srid_user2, shell=/bin/sh, from=none
Feb 20 01:33:13 srid-target useradd[40]: new group: name=srid_user3, GID=1003
Feb 20 01:33:13 srid-target useradd[40]: new user: name=srid_user3, UID=1003, GID=1003, home=/home/srid_user3, shell=/bin/sh, from=none
Feb 20 01:33:13 srid-target useradd[53]: new group: name=srid_user4, GID=1004
Feb 20 01:33:13 srid-target useradd[53]: new user: name=srid_user4, UID=1004, GID=1004, home=/home/srid_user4, shell=/bin/sh, from=none
Feb 20 01:33:13 srid-target useradd[66]: new group: name=srid_user5, GID=1005
Feb 20 01:33:13 srid-target useradd[66]: new user: name=srid_user5, UID=1005, GID=1005, home=/home/srid_user5, shell=/bin/sh, from=none
Feb 20 01:33:13 srid-target useradd[79]: new group: name=srid_user6, GID=1006
Feb 20 01:33:13 srid-target useradd[79]: new user: name=srid_user6, UID=1006, GID=1006, home=/home/srid_user6, shell=/bin/sh, from=none
Feb 20 01:33:13 srid-target useradd[92]: new group: name=srid_user7, GID=1007
Feb 20 01:33:13 srid-target useradd[92]: new user: name=srid_user7, UID=1007, GID=1007, home=/home/srid_user7, shell=/bin/sh, from=none
Feb 20 01:33:13 srid-target useradd[105]: new group: name=srid_user8, GID=1008
Feb 20 01:33:13 srid-target useradd[105]: new user: name=srid_user8, UID=1008, GID=1008, home=/home/srid_user8, shell=/bin/sh, from=none
Feb 20 01:33:13 srid-target useradd[118]: new group: name=srid_user9, GID=1009
Feb 20 01:33:13 srid-target useradd[118]: new user: name=srid_user9, UID=1009, GID=1009, home=/home/srid_user9, shell=/bin/sh, from=none
Feb 20 01:33:13 srid-target useradd[131]: new group: name=srid_user10, GID=1010
Feb 20 01:33:13 srid-target useradd[131]: new user: name=srid_user10, UID=1010, GID=1010, home=/home/srid_user10, shell=/bin/sh, from=none
Feb 20 01:33:13 srid-target useradd[144]: new group: name=srid_user11, GID=1011
Feb 20 01:33:13 srid-target useradd[144]: new user: name=srid_user11, UID=1011, GID=1011, home=/home/srid_user11, shell=/bin/sh, from=none
Feb 20 01:33:13 srid-target useradd[157]: new group: name=srid_user12, GID=1012
Feb 20 01:33:13 srid-target useradd[157]: new user: name=srid_user12, UID=1012, GID=1012, home=/home/srid_user12, shell=/bin/sh, from=none
Feb 20 01:33:13 srid-target useradd[170]: new group: name=srid_user13, GID=1013
Feb 20 01:33:13 srid-target useradd[170]: new user: name=srid_user13, UID=1013, GID=1013, home=/home/srid_user13, shell=/bin/sh, from=none
Feb 20 01:33:13 srid-target useradd[183]: new group: name=srid_user14, GID=1014
Feb 20 01:33:13 srid-target useradd[183]: new user: name=srid_user14, UID=1014, GID=1014, home=/home/srid_user14, shell=/bin/sh, from=none
Feb 20 01:33:13 srid-target useradd[196]: new group: name=srid_user15, GID=1015
Feb 20 01:33:13 srid-target useradd[196]: new user: name=srid_user15, UID=1015, GID=1015, home=/home/srid_user15, shell=/bin/sh, from=none
Feb 20 01:33:13 srid-target useradd[209]: new group: name=srid_user16, GID=1016
Feb 20 01:33:13 srid-target useradd[209]: new user: name=srid_user16, UID=1016, GID=1016, home=/home/srid_user16, shell=/bin/sh, from=none
Feb 20 01:33:13 srid-target useradd[222]: new group: name=srid_user17, GID=1017
Feb 20 01:33:13 srid-target useradd[222]: new user: name=srid_user17, UID=1017, GID=1017, home=/home/srid_user17, shell=/bin/sh, from=none
Feb 20 01:33:13 srid-target useradd[235]: new group: name=srid_user18, GID=1018
Feb 20 01:33:13 srid-target useradd[235]: new user: name=srid_user18, UID=1018, GID=1018, home=/home/srid_user18, shell=/bin/sh, from=none
Feb 20 01:33:13 srid-target useradd[248]: new group: name=srid_user19, GID=1019
Feb 20 01:33:13 srid-target useradd[248]: new user: name=srid_user19, UID=1019, GID=1019, home=/home/srid_user19, shell=/bin/sh, from=none
Feb 20 01:33:13 srid-target useradd[261]: new group: name=srid_user20, GID=1020
Feb 20 01:33:13 srid-target useradd[261]: new user: name=srid_user20, UID=1020, GID=1020, home=/home/srid_user20, shell=/bin/sh, from=none
Feb 20 01:33:13 srid-target useradd[274]: new group: name=srid_ok, GID=1021
Feb 20 01:33:13 srid-target useradd[274]: new user: name=srid_ok, UID=1021, GID=1021, home=/home/srid_ok, shell=/bin/sh, from=none
Feb 20 03:11:16 srid-target useradd[13]: new group: name=srid_user1, GID=1001
Feb 20 03:11:16 srid-target useradd[13]: new user: name=srid_user1, UID=1001, GID=1001, home=/home/srid_user1, shell=/bin/sh, from=none
Feb 20 03:11:16 srid-target useradd[27]: new group: name=srid_user2, GID=1002
Feb 20 03:11:16 srid-target useradd[27]: new user: name=srid_user2, UID=1002, GID=1002, home=/home/srid_user2, shell=/bin/sh, from=none
Feb 20 03:11:16 srid-target useradd[40]: new group: name=srid_user3, GID=1003
Feb 20 03:11:16 srid-target useradd[40]: new user: name=srid_user3, UID=1003, GID=1003, home=/home/srid_user3, shell=/bin/sh, from=none
Feb 20 03:11:16 srid-target useradd[53]: new group: name=srid_user4, GID=1004
Feb 20 03:11:16 srid-target useradd[53]: new user: name=srid_user4, UID=1004, GID=1004, home=/home/srid_user4, shell=/bin/sh, from=none
Feb 20 03:11:16 srid-target useradd[66]: new group: name=srid_user5, GID=1005
Feb 20 03:11:16 srid-target useradd[66]: new user: name=srid_user5, UID=1005, GID=1005, home=/home/srid_user5, shell=/bin/sh, from=none
Feb 20 03:11:16 srid-target useradd[79]: new group: name=srid_user6, GID=1006
Feb 20 03:11:16 srid-target useradd[79]: new user: name=srid_user6, UID=1006, GID=1006, home=/home/srid_user6, shell=/bin/sh, from=none
Feb 20 03:11:16 srid-target useradd[92]: new group: name=srid_user7, GID=1007
Feb 20 03:11:16 srid-target useradd[92]: new user: name=srid_user7, UID=1007, GID=1007, home=/home/srid_user7, shell=/bin/sh, from=none
Feb 20 03:11:16 srid-target useradd[105]: new group: name=srid_user8, GID=1008
Feb 20 03:11:16 srid-target useradd[105]: new user: name=srid_user8, UID=1008, GID=1008, home=/home/srid_user8, shell=/bin/sh, from=none
Feb 20 03:11:16 srid-target useradd[118]: new group: name=srid_user9, GID=1009
Feb 20 03:11:16 srid-target useradd[118]: new user: name=srid_user9, UID=1009, GID=1009, home=/home/srid_user9, shell=/bin/sh, from=none
Feb 20 03:11:16 srid-target useradd[131]: new group: name=srid_user10, GID=1010
Feb 20 03:11:16 srid-target useradd[131]: new user: name=srid_user10, UID=1010, GID=1010, home=/home/srid_user10, shell=/bin/sh, from=none
Feb 20 03:11:16 srid-target useradd[144]: new group: name=srid_user11, GID=1011
Feb 20 03:11:16 srid-target useradd[144]: new user: name=srid_user11, UID=1011, GID=1011, home=/home/srid_user11, shell=/bin/sh, from=none
Feb 20 03:11:16 srid-target useradd[157]: new group: name=srid_user12, GID=1012
Feb 20 03:11:16 srid-target useradd[157]: new user: name=srid_user12, UID=1012, GID=1012, home=/home/srid_user12, shell=/bin/sh, from=none
Feb 20 03:11:16 srid-target useradd[170]: new group: name=srid_user13, GID=1013
Feb 20 03:11:16 srid-target useradd[170]: new user: name=srid_user13, UID=1013, GID=1013, home=/home/srid_user13, shell=/bin/sh, from=none
Feb 20 03:11:16 srid-target useradd[183]: new group: name=srid_user14, GID=1014
Feb 20 03:11:16 srid-target useradd[183]: new user: name=srid_user14, UID=1014, GID=1014, home=/home/srid_user14, shell=/bin/sh, from=none
Feb 20 03:11:16 srid-target useradd[196]: new group: name=srid_user15, GID=1015
Feb 20 03:11:16 srid-target useradd[196]: new user: name=srid_user15, UID=1015, GID=1015, home=/home/srid_user15, shell=/bin/sh, from=none
Feb 20 03:11:16 srid-target useradd[209]: new group: name=srid_user16, GID=1016
Feb 20 03:11:16 srid-target useradd[209]: new user: name=srid_user16, UID=1016, GID=1016, home=/home/srid_user16, shell=/bin/sh, from=none
Feb 20 03:11:16 srid-target useradd[222]: new group: name=srid_user17, GID=1017
Feb 20 03:11:16 srid-target useradd[222]: new user: name=srid_user17, UID=1017, GID=1017, home=/home/srid_user17, shell=/bin/sh, from=none
Feb 20 03:11:17 srid-target useradd[235]: new group: name=srid_user18, GID=1018
Feb 20 03:11:17 srid-target useradd[235]: new user: name=srid_user18, UID=1018, GID=1018, home=/home/srid_user18, shell=/bin/sh, from=none
Feb 20 03:11:17 srid-target useradd[248]: new group: name=srid_user19, GID=1019
Feb 20 03:11:17 srid-target useradd[248]: new user: name=srid_user19, UID=1019, GID=1019, home=/home/srid_user19, shell=/bin/sh, from=none
Feb 20 03:11:17 srid-target useradd[261]: new group: name=srid_user20, GID=1020
Feb 20 03:11:17 srid-target useradd[261]: new user: name=srid_user20, UID=1020, GID=1020, home=/home/srid_user20, shell=/bin/sh, from=none
Feb 20 03:11:17 srid-target useradd[274]: new group: name=srid_ok, GID=1021
Feb 20 03:11:17 srid-target useradd[274]: new user: name=srid_ok, UID=1021, GID=1021, home=/home/srid_ok, shell=/bin/sh, from=none
Feb 20 05:41:14 srid-target useradd[13]: new group: name=srid_user1, GID=1001
Feb 20 05:41:14 srid-target useradd[13]: new user: name=srid_user1, UID=1001, GID=1001, home=/home/srid_user1, shell=/bin/sh, from=none
Feb 20 05:41:14 srid-target useradd[27]: new group: name=srid_user2, GID=1002
Feb 20 05:41:14 srid-target useradd[27]: new user: name=srid_user2, UID=1002, GID=1002, home=/home/srid_user2, shell=/bin/sh, from=none
Feb 20 05:41:14 srid-target useradd[40]: new group: name=srid_user3, GID=1003
Feb 20 05:41:14 srid-target useradd[40]: new user: name=srid_user3, UID=1003, GID=1003, home=/home/srid_user3, shell=/bin/sh, from=none
Feb 20 05:41:14 srid-target useradd[53]: new group: name=srid_user4, GID=1004
Feb 20 05:41:14 srid-target useradd[53]: new user: name=srid_user4, UID=1004, GID=1004, home=/home/srid_user4, shell=/bin/sh, from=none
Feb 20 05:41:14 srid-target useradd[66]: new group: name=srid_user5, GID=1005
Feb 20 05:41:14 srid-target useradd[66]: new user: name=srid_user5, UID=1005, GID=1005, home=/home/srid_user5, shell=/bin/sh, from=none
Feb 20 05:41:14 srid-target useradd[79]: new group: name=srid_user6, GID=1006
Feb 20 05:41:14 srid-target useradd[79]: new user: name=srid_user6, UID=1006, GID=1006, home=/home/srid_user6, shell=/bin/sh, from=none
Feb 20 05:41:14 srid-target useradd[92]: new group: name=srid_user7, GID=1007
Feb 20 05:41:14 srid-target useradd[92]: new user: name=srid_user7, UID=1007, GID=1007, home=/home/srid_user7, shell=/bin/sh, from=none
Feb 20 05:41:14 srid-target useradd[105]: new group: name=srid_user8, GID=1008
Feb 20 05:41:14 srid-target useradd[105]: new user: name=srid_user8, UID=1008, GID=1008, home=/home/srid_user8, shell=/bin/sh, from=none
Feb 20 05:41:14 srid-target useradd[118]: new group: name=srid_user9, GID=1009
Feb 20 05:41:14 srid-target useradd[118]: new user: name=srid_user9, UID=1009, GID=1009, home=/home/srid_user9, shell=/bin/sh, from=none
Feb 20 05:41:14 srid-target useradd[131]: new group: name=srid_user10, GID=1010
Feb 20 05:41:14 srid-target useradd[131]: new user: name=srid_user10, UID=1010, GID=1010, home=/home/srid_user10, shell=/bin/sh, from=none
Feb 20 05:41:14 srid-target useradd[144]: new group: name=srid_user11, GID=1011
Feb 20 05:41:14 srid-target useradd[144]: new user: name=srid_user11, UID=1011, GID=1011, home=/home/srid_user11, shell=/bin/sh, from=none
Feb 20 05:41:14 srid-target useradd[157]: new group: name=srid_user12, GID=1012
Feb 20 05:41:14 srid-target useradd[157]: new user: name=srid_user12, UID=1012, GID=1012, home=/home/srid_user12, shell=/bin/sh, from=none
Feb 20 05:41:15 srid-target useradd[170]: new group: name=srid_user13, GID=1013
Feb 20 05:41:15 srid-target useradd[170]: new user: name=srid_user13, UID=1013, GID=1013, home=/home/srid_user13, shell=/bin/sh, from=none
Feb 20 05:41:15 srid-target useradd[183]: new group: name=srid_user14, GID=1014
Feb 20 05:41:15 srid-target useradd[183]: new user: name=srid_user14, UID=1014, GID=1014, home=/home/srid_user14, shell=/bin/sh, from=none
Feb 20 05:41:15 srid-target useradd[196]: new group: name=srid_user15, GID=1015
Feb 20 05:41:15 srid-target useradd[196]: new user: name=srid_user15, UID=1015, GID=1015, home=/home/srid_user15, shell=/bin/sh, from=none
Feb 20 05:41:15 srid-target useradd[209]: new group: name=srid_user16, GID=1016
Feb 20 05:41:15 srid-target useradd[209]: new user: name=srid_user16, UID=1016, GID=1016, home=/home/srid_user16, shell=/bin/sh, from=none
Feb 20 05:41:15 srid-target useradd[222]: new group: name=srid_user17, GID=1017
Feb 20 05:41:15 srid-target useradd[222]: new user: name=srid_user17, UID=1017, GID=1017, home=/home/srid_user17, shell=/bin/sh, from=none
Feb 20 05:41:15 srid-target useradd[235]: new group: name=srid_user18, GID=1018
Feb 20 05:41:15 srid-target useradd[235]: new user: name=srid_user18, UID=1018, GID=1018, home=/home/srid_user18, shell=/bin/sh, from=none
Feb 20 05:41:15 srid-target useradd[248]: new group: name=srid_user19, GID=1019
Feb 20 05:41:15 srid-target useradd[248]: new user: name=srid_user19, UID=1019, GID=1019, home=/home/srid_user19, shell=/bin/sh, from=none
Feb 20 05:41:15 srid-target useradd[261]: new group: name=srid_user20, GID=1020
Feb 20 05:41:15 srid-target useradd[261]: new user: name=srid_user20, UID=1020, GID=1020, home=/home/srid_user20, shell=/bin/sh, from=none
Feb 20 05:41:15 srid-target useradd[274]: new group: name=srid_ok, GID=1021
Feb 20 05:41:15 srid-target useradd[274]: new user: name=srid_ok, UID=1021, GID=1021, home=/home/srid_ok, shell=/bin/sh, from=none
Feb 21 06:43:50 srid-target useradd[13]: new group: name=srid_user1, GID=1001
Feb 21 06:43:50 srid-target useradd[13]: new user: name=srid_user1, UID=1001, GID=1001, home=/home/srid_user1, shell=/bin/sh, from=none
Feb 21 06:43:50 srid-target useradd[27]: new group: name=srid_user2, GID=1002
Feb 21 06:43:50 srid-target useradd[27]: new user: name=srid_user2, UID=1002, GID=1002, home=/home/srid_user2, shell=/bin/sh, from=none
Feb 21 06:43:50 srid-target useradd[40]: new group: name=srid_user3, GID=1003
Feb 21 06:43:50 srid-target useradd[40]: new user: name=srid_user3, UID=1003, GID=1003, home=/home/srid_user3, shell=/bin/sh, from=none
Feb 21 06:43:50 srid-target useradd[53]: new group: name=srid_user4, GID=1004
Feb 21 06:43:50 srid-target useradd[53]: new user: name=srid_user4, UID=1004, GID=1004, home=/home/srid_user4, shell=/bin/sh, from=none
Feb 21 06:43:50 srid-target useradd[66]: new group: name=srid_user5, GID=1005
Feb 21 06:43:50 srid-target useradd[66]: new user: name=srid_user5, UID=1005, GID=1005, home=/home/srid_user5, shell=/bin/sh, from=none
Feb 21 06:43:50 srid-target useradd[79]: new group: name=srid_user6, GID=1006
Feb 21 06:43:50 srid-target useradd[79]: new user: name=srid_user6, UID=1006, GID=1006, home=/home/srid_user6, shell=/bin/sh, from=none
Feb 21 06:43:50 srid-target useradd[92]: new group: name=srid_user7, GID=1007
Feb 21 06:43:50 srid-target useradd[92]: new user: name=srid_user7, UID=1007, GID=1007, home=/home/srid_user7, shell=/bin/sh, from=none
Feb 21 06:43:50 srid-target useradd[105]: new group: name=srid_user8, GID=1008
Feb 21 06:43:50 srid-target useradd[105]: new user: name=srid_user8, UID=1008, GID=1008, home=/home/srid_user8, shell=/bin/sh, from=none
Feb 21 06:43:50 srid-target useradd[118]: new group: name=srid_user9, GID=1009
Feb 21 06:43:50 srid-target useradd[118]: new user: name=srid_user9, UID=1009, GID=1009, home=/home/srid_user9, shell=/bin/sh, from=none
Feb 21 06:43:50 srid-target useradd[131]: new group: name=srid_user10, GID=1010
Feb 21 06:43:50 srid-target useradd[131]: new user: name=srid_user10, UID=1010, GID=1010, home=/home/srid_user10, shell=/bin/sh, from=none
Feb 21 06:43:50 srid-target useradd[144]: new group: name=srid_user11, GID=1011
Feb 21 06:43:50 srid-target useradd[144]: new user: name=srid_user11, UID=1011, GID=1011, home=/home/srid_user11, shell=/bin/sh, from=none
Feb 21 06:43:50 srid-target useradd[157]: new group: name=srid_user12, GID=1012
Feb 21 06:43:50 srid-target useradd[157]: new user: name=srid_user12, UID=1012, GID=1012, home=/home/srid_user12, shell=/bin/sh, from=none
Feb 21 06:43:50 srid-target useradd[170]: new group: name=srid_user13, GID=1013
Feb 21 06:43:50 srid-target useradd[170]: new user: name=srid_user13, UID=1013, GID=1013, home=/home/srid_user13, shell=/bin/sh, from=none
Feb 21 06:43:50 srid-target useradd[183]: new group: name=srid_user14, GID=1014
Feb 21 06:43:50 srid-target useradd[183]: new user: name=srid_user14, UID=1014, GID=1014, home=/home/srid_user14, shell=/bin/sh, from=none
Feb 21 06:43:50 srid-target useradd[196]: new group: name=srid_user15, GID=1015
Feb 21 06:43:50 srid-target useradd[196]: new user: name=srid_user15, UID=1015, GID=1015, home=/home/srid_user15, shell=/bin/sh, from=none
Feb 21 06:43:50 srid-target useradd[209]: new group: name=srid_user16, GID=1016
Feb 21 06:43:50 srid-target useradd[209]: new user: name=srid_user16, UID=1016, GID=1016, home=/home/srid_user16, shell=/bin/sh, from=none
Feb 21 06:43:50 srid-target useradd[222]: new group: name=srid_user17, GID=1017
Feb 21 06:43:50 srid-target useradd[222]: new user: name=srid_user17, UID=1017, GID=1017, home=/home/srid_user17, shell=/bin/sh, from=none
Feb 21 06:43:50 srid-target useradd[235]: new group: name=srid_user18, GID=1018
Feb 21 06:43:50 srid-target useradd[235]: new user: name=srid_user18, UID=1018, GID=1018, home=/home/srid_user18, shell=/bin/sh, from=none
Feb 21 06:43:50 srid-target useradd[248]: new group: name=srid_user19, GID=1019
Feb 21 06:43:50 srid-target useradd[248]: new user: name=srid_user19, UID=1019, GID=1019, home=/home/srid_user19, shell=/bin/sh, from=none
Feb 21 06:43:50 srid-target useradd[261]: new group: name=srid_user20, GID=1020
Feb 21 06:43:50 srid-target useradd[261]: new user: name=srid_user20, UID=1020, GID=1020, home=/home/srid_user20, shell=/bin/sh, from=none
Feb 21 06:43:50 srid-target useradd[274]: new group: name=srid_ok, GID=1021
Feb 21 06:43:50 srid-target useradd[274]: new user: name=srid_ok, UID=1021, GID=1021, home=/home/srid_ok, shell=/bin/sh, from=none
